  Application.cpp
C:\docs\code_projects\VulkanGameEngine\VulkanGameEngine\Graphics\RenderSystems\SimpleRenderSystem.h(24,3): warning C4091: 'typedef ': ignored on left of 'SimpleRenderSystem::PushConstantType' when no variable is declared
  GameObject.cpp
  Buffer.cpp
  Camera.cpp
  CameraSystem.cpp
  Descriptor.cpp
C:\docs\code_projects\VulkanGameEngine\VulkanGameEngine\Graphics\Descriptor.cpp(191,63): warning C4267: 'argument': conversion from 'size_t' to 'uint32_t', possible loss of data
  Device.cpp
  Pipeline.cpp
  Renderer.cpp
  PointLightRenderSystem.cpp
  SimpleRenderSystem.cpp
C:\docs\code_projects\VulkanGameEngine\VulkanGameEngine\Graphics\RenderSystems\SimpleRenderSystem.h(24,3): warning C4091: 'typedef ': ignored on left of 'SimpleRenderSystem::PushConstantType' when no variable is declared
C:\docs\code_projects\VulkanGameEngine\VulkanGameEngine\Graphics\RenderSystems\SimpleRenderSystem.cpp(125,127): warning C4267: 'argument': conversion from 'size_t' to 'uint32_t', possible loss of data
C:\docs\code_projects\VulkanGameEngine\VulkanGameEngine\Graphics\RenderSystems\SimpleRenderSystem.cpp(127,109): warning C4267: 'argument': conversion from 'size_t' to 'int', possible loss of data
C:\docs\code_projects\VulkanGameEngine\VulkanGameEngine\Graphics\RenderSystems\SimpleRenderSystem.cpp(181,121): warning C4267: 'argument': conversion from 'size_t' to 'uint32_t', possible loss of data
C:\docs\code_projects\VulkanGameEngine\VulkanGameEngine\Graphics\RenderSystems\SimpleRenderSystem.cpp(183,103): warning C4267: 'argument': conversion from 'size_t' to 'int', possible loss of data
C:\docs\code_projects\VulkanGameEngine\VulkanGameEngine\Graphics\RenderSystems\SimpleRenderSystem.cpp(999,132): warning C4267: 'argument': conversion from 'size_t' to 'uint32_t', possible loss of data
C:\docs\code_projects\VulkanGameEngine\VulkanGameEngine\Graphics\RenderSystems\SimpleRenderSystem.cpp(1001,121): warning C4267: 'argument': conversion from 'size_t' to 'int', possible loss of data
C:\docs\code_projects\VulkanGameEngine\VulkanGameEngine\Graphics\RenderSystems\SimpleRenderSystem.cpp(1328,169): warning C4267: 'argument': conversion from 'size_t' to 'uint32_t', possible loss of data
C:\docs\code_projects\VulkanGameEngine\VulkanGameEngine\Graphics\RenderSystems\SimpleRenderSystem.cpp(1328,131): warning C4267: 'argument': conversion from 'size_t' to 'uint32_t', possible loss of data
C:\docs\code_projects\VulkanGameEngine\VulkanGameEngine\Graphics\RenderSystems\SimpleRenderSystem.cpp(1331,119): warning C4267: 'argument': conversion from 'size_t' to 'int', possible loss of data
C:\docs\code_projects\VulkanGameEngine\VulkanGameEngine\Graphics\RenderSystems\SimpleRenderSystem.cpp(1353,25): warning C4018: '<': signed/unsigned mismatch
  SwapChain.cpp
  Texture.cpp
C:\docs\code_projects\VulkanGameEngine\VulkanGameEngine\Graphics\Texture.cpp(17,67): warning C4244: '=': conversion from 'double' to 'int', possible loss of data
C:\docs\code_projects\VulkanGameEngine\VulkanGameEngine\Graphics\Texture.cpp(12,6): warning C4101: 'channels': unreferenced local variable
C:\docs\code_projects\VulkanGameEngine\VulkanGameEngine\Graphics\Texture.cpp(172,25): warning C4018: '<': signed/unsigned mismatch
  KeyboardControl.cpp
  main.cpp
  Model.cpp
  ModelTwo.cpp
C:\Program Files (x86)\Windows Kits\10\Include\10.0.22000.0\shared\minwindef.h(130,1): warning C4005: 'APIENTRY': macro redefinition
C:\docs\code_projects\VulkanGameEngine\VulkanGameEngine\External\Include\GLFW\glfw3.h(123,1): message : see previous definition of 'APIENTRY'
C:\docs\code_projects\VulkanGameEngine\VulkanGameEngine\ModelTwo.cpp(56,28): warning C4267: '=': conversion from 'size_t' to 'uint32_t', possible loss of data
C:\docs\code_projects\VulkanGameEngine\VulkanGameEngine\ModelTwo.cpp(241,112): warning C4267: 'argument': conversion from 'size_t' to 'uint32_t', possible loss of data
  Window.cpp
  Generating Code...
LINK : warning LNK4098: defaultlib 'MSVCRT' conflicts with use of other libs; use /NODEFAULTLIB:library
  VulkanGameEngine.vcxproj -> C:\docs\code_projects\VulkanGameEngine\VulkanGameEngine\x64\Debug\VulkanGameEngine.exe
