c:\docs\code_projects\vulkangameengine\x64\debug\vc143.pdb
c:\docs\code_projects\vulkangameengine\x64\debug\vc143.idb
c:\docs\code_projects\vulkangameengine\x64\debug\window.obj
c:\docs\code_projects\vulkangameengine\x64\debug\modeltwo.obj
c:\docs\code_projects\vulkangameengine\x64\debug\model.obj
c:\docs\code_projects\vulkangameengine\x64\debug\main.obj
c:\docs\code_projects\vulkangameengine\x64\debug\keyboardcontrol.obj
c:\docs\code_projects\vulkangameengine\x64\debug\texture.obj
c:\docs\code_projects\vulkangameengine\x64\debug\swapchain.obj
c:\docs\code_projects\vulkangameengine\x64\debug\simplerendersystem.obj
c:\docs\code_projects\vulkangameengine\x64\debug\pointlightrendersystem.obj
c:\docs\code_projects\vulkangameengine\x64\debug\renderer.obj
c:\docs\code_projects\vulkangameengine\x64\debug\pipeline.obj
c:\docs\code_projects\vulkangameengine\x64\debug\device.obj
c:\docs\code_projects\vulkangameengine\x64\debug\descriptor.obj
c:\docs\code_projects\vulkangameengine\x64\debug\camerasystem.obj
c:\docs\code_projects\vulkangameengine\x64\debug\camera.obj
c:\docs\code_projects\vulkangameengine\x64\debug\buffer.obj
c:\docs\code_projects\vulkangameengine\x64\debug\gameobject.obj
c:\docs\code_projects\vulkangameengine\x64\debug\application.obj
c:\docs\code_projects\vulkangameengine\x64\debug\vulkangameengine.exe
c:\docs\code_projects\vulkangameengine\x64\debug\vulkangameengine.ilk
c:\docs\code_projects\vulkangameengine\x64\debug\vulkangameengine.pdb
c:\docs\code_projects\vulkangameenginecode\x64\debug\application.obj
c:\docs\code_projects\vulkangameenginecode\x64\debug\buffer.obj
c:\docs\code_projects\vulkangameenginecode\x64\debug\camera.obj
c:\docs\code_projects\vulkangameenginecode\x64\debug\camerasystem.obj
c:\docs\code_projects\vulkangameenginecode\x64\debug\descriptor.obj
c:\docs\code_projects\vulkangameenginecode\x64\debug\device.obj
c:\docs\code_projects\vulkangameenginecode\x64\debug\gameobject.obj
c:\docs\code_projects\vulkangameenginecode\x64\debug\keyboardcontrol.obj
c:\docs\code_projects\vulkangameenginecode\x64\debug\main.obj
c:\docs\code_projects\vulkangameenginecode\x64\debug\model.obj
c:\docs\code_projects\vulkangameenginecode\x64\debug\modeltwo.obj
c:\docs\code_projects\vulkangameenginecode\x64\debug\pipeline.obj
c:\docs\code_projects\vulkangameenginecode\x64\debug\pointlightrendersystem.obj
c:\docs\code_projects\vulkangameenginecode\x64\debug\renderer.obj
c:\docs\code_projects\vulkangameenginecode\x64\debug\simplerendersystem.obj
c:\docs\code_projects\vulkangameenginecode\x64\debug\swapchain.obj
c:\docs\code_projects\vulkangameenginecode\x64\debug\texture.obj
c:\docs\code_projects\vulkangameenginecode\x64\debug\window.obj
c:\docs\code_projects\vulkangameenginecode\x64\debug\vulkangameengine.ilk
c:\docs\code_projects\vulkangameenginecode\x64\debug\vc143.idb
c:\docs\code_projects\vulkangameenginecode\x64\debug\vc143.pdb
c:\docs\code_projects\vulkangameenginecode\x64\debug\vulkangameengine.pdb
c:\docs\code_projects\vulkangameenginecode\x64\debug\vulkangameengine.exe
c:\docs\code_projects\vulkangameenginecode\x64\debug\vulkangameengine.tlog\cl.command.1.tlog
c:\docs\code_projects\vulkangameenginecode\x64\debug\vulkangameengine.tlog\cl.items.tlog
c:\docs\code_projects\vulkangameenginecode\x64\debug\vulkangameengine.tlog\cl.read.1.tlog
c:\docs\code_projects\vulkangameenginecode\x64\debug\vulkangameengine.tlog\cl.write.1.tlog
c:\docs\code_projects\vulkangameenginecode\x64\debug\vulkangameengine.tlog\link.command.1.tlog
c:\docs\code_projects\vulkangameenginecode\x64\debug\vulkangameengine.tlog\link.read.1.tlog
c:\docs\code_projects\vulkangameenginecode\x64\debug\vulkangameengine.tlog\link.write.1.tlog
